<?xml version="1.0" encoding="UTF-8"?>
<!-- Generated by org.testng.reporters.JUnitReportReporter -->
<testsuite hostname="MrRobinson" name="com.iplacex.TestSelenium.NewTest" tests="1" failures="0" timestamp="27 Dec 2022 02:18:20 GMT" time="3,430" errors="0">
  <testcase name="f" time="3,430" classname="com.iplacex.TestSelenium.NewTest"/>
</testsuite>
